<?xml version="1.0" encoding="UTF-8"?>
<testsuite name="Busquedas desde pagina principal google" tests="1" skipped="0" failures="0" errors="0" timestamp="2020-07-02T21:21:15" hostname="athadl28623" time="10.172">
  <properties/>
  <testcase name="Busqueda en google por palabra" classname="Busquedas desde pagina principal google" time="10.172"/>
  <system-out><![CDATA[?[32m.?[0m?[32m.?[0m?[32m.?[0m]]></system-out>
  <system-err><![CDATA[jul 02, 2020 4:21:16 PM org.openqa.selenium.remote.DesiredCapabilities chrome
INFORMACIÓN: Using `new ChromeOptions()` is preferred to `DesiredCapabilities.chrome()`
Starting ChromeDriver 83.0.4103.39 (ccbf011cb2d2b19b506d844400483861342c20cd-refs/branch-heads/4103@{#416}) on port 23630
Only local connections are allowed.
Please see https://chromedriver.chromium.org/security-considerations for suggestions on keeping ChromeDriver safe.
ChromeDriver was started successfully.
jul 02, 2020 4:21:19 PM org.openqa.selenium.remote.ProtocolHandshake createSession
INFORMACIÓN: Detected dialect: W3C
]]></system-err>
</testsuite>
