<?xml version="1.0" encoding="UTF-8"?>
<testsuite name="Login en pagina github" tests="1" skipped="0" failures="0" errors="0" timestamp="2020-07-08T00:11:19" hostname="athadl28623" time="14.751">
  <properties/>
  <testcase name="Login fallido en github" classname="Login en pagina github" time="14.751"/>
  <system-out><![CDATA[?[32m.?[0m?[32m.?[0m?[32m.?[0m]]></system-out>
  <system-err><![CDATA[jul 07, 2020 7:11:20 PM org.openqa.selenium.remote.DesiredCapabilities chrome
INFORMACIÓN: Using `new ChromeOptions()` is preferred to `DesiredCapabilities.chrome()`
Starting ChromeDriver 83.0.4103.39 (ccbf011cb2d2b19b506d844400483861342c20cd-refs/branch-heads/4103@{#416}) on port 20015
Only local connections are allowed.
Please see https://chromedriver.chromium.org/security-considerations for suggestions on keeping ChromeDriver safe.
ChromeDriver was started successfully.
jul 07, 2020 7:11:25 PM org.openqa.selenium.remote.ProtocolHandshake createSession
INFORMACIÓN: Detected dialect: W3C
]]></system-err>
</testsuite>
